[debug] [2023-06-19T04:16:46.865Z] ----------------------------------------------------------------------
[debug] [2023-06-19T04:16:46.868Z] Command:       D:\Programas\nodejs\node.exe C:\Users\Georg\AppData\Roaming\npm\node_modules\firebase-tools\lib\bin\firebase.js init
[debug] [2023-06-19T04:16:46.868Z] CLI Version:   12.4.0
[debug] [2023-06-19T04:16:46.869Z] Platform:      win32
[debug] [2023-06-19T04:16:46.869Z] Node Version:  v18.2.0
[debug] [2023-06-19T04:16:46.870Z] Time:          Mon Jun 19 2023 00:16:46 GMT-0400 (Atlantic Standard Time)
[debug] [2023-06-19T04:16:46.871Z] ----------------------------------------------------------------------
[debug] 
[debug] [2023-06-19T04:16:46.976Z] > command requires scopes: ["email","openid","https://www.googleapis.com/auth/cloudplatformprojects.readonly","https://www.googleapis.com/auth/firebase","https://www.googleapis.com/auth/cloud-platform"]
[debug] [2023-06-19T04:16:46.977Z] > authorizing via signed-in user (georgesbueno09@gmail.com)
[info] 
     ######## #### ########  ######## ########     ###     ######  ########
     ##        ##  ##     ## ##       ##     ##  ##   ##  ##       ##
     ######    ##  ########  ######   ########  #########  ######  ######
     ##        ##  ##    ##  ##       ##     ## ##     ##       ## ##
     ##       #### ##     ## ######## ########  ##     ##  ######  ########

You're about to initialize a Firebase project in this directory:

  D:\GithubRespos\MydgiiForm

Before we get started, keep in mind:

  * You are initializing within an existing Firebase project directory

[info] 
=== Project Setup
[info] 
[info] First, let's associate this project directory with a Firebase project.
[info] You can create multiple project aliases by running firebase use --add, 
[info] but for now we'll just set up a default project.
[info] 
[debug] [2023-06-19T04:19:09.222Z] Using project from CLI flag: divine-beanbag-389115
[debug] [2023-06-19T04:19:09.226Z] >>> [apiv2][query] GET https://firebase.googleapis.com/v1beta1/projects/divine-beanbag-389115 [none]
[debug] [2023-06-19T04:19:09.709Z] <<< [apiv2][status] GET https://firebase.googleapis.com/v1beta1/projects/divine-beanbag-389115 200
[debug] [2023-06-19T04:19:09.709Z] <<< [apiv2][body] GET https://firebase.googleapis.com/v1beta1/projects/divine-beanbag-389115 {"projectId":"divine-beanbag-389115","projectNumber":"375074419079","displayName":"My First Project","name":"projects/divine-beanbag-389115","resources":{"hostingSite":"divine-beanbag-389115"},"state":"ACTIVE","etag":"1_d4b23284-83c8-4699-aa6b-442fc447f7ee"}
[info] i  Using project divine-beanbag-389115 (My First Project) 
[info] 
=== Functions Setup
[debug] [2023-06-19T04:19:09.719Z] > command requires scopes: ["email","openid","https://www.googleapis.com/auth/cloudplatformprojects.readonly","https://www.googleapis.com/auth/firebase","https://www.googleapis.com/auth/cloud-platform"]
[debug] [2023-06-19T04:19:09.719Z] > authorizing via signed-in user (georgesbueno09@gmail.com)
[debug] [2023-06-19T04:19:09.719Z] [iam] checking project divine-beanbag-389115 for permissions ["firebase.projects.get"]
[debug] [2023-06-19T04:19:09.719Z] >>> [apiv2][query] POST https://cloudresourcemanager.googleapis.com/v1/projects/divine-beanbag-389115:testIamPermissions [none]
[debug] [2023-06-19T04:19:09.720Z] >>> [apiv2][(partial)header] POST https://cloudresourcemanager.googleapis.com/v1/projects/divine-beanbag-389115:testIamPermissions x-goog-quota-user=projects/divine-beanbag-389115
[debug] [2023-06-19T04:19:09.720Z] >>> [apiv2][body] POST https://cloudresourcemanager.googleapis.com/v1/projects/divine-beanbag-389115:testIamPermissions {"permissions":["firebase.projects.get"]}
[debug] [2023-06-19T04:19:09.970Z] <<< [apiv2][status] POST https://cloudresourcemanager.googleapis.com/v1/projects/divine-beanbag-389115:testIamPermissions 200
[debug] [2023-06-19T04:19:09.970Z] <<< [apiv2][body] POST https://cloudresourcemanager.googleapis.com/v1/projects/divine-beanbag-389115:testIamPermissions {"permissions":["firebase.projects.get"]}
[debug] [2023-06-19T04:19:09.971Z] >>> [apiv2][query] GET https://serviceusage.googleapis.com/v1/projects/divine-beanbag-389115/services/cloudfunctions.googleapis.com [none]
[debug] [2023-06-19T04:19:09.971Z] >>> [apiv2][(partial)header] GET https://serviceusage.googleapis.com/v1/projects/divine-beanbag-389115/services/cloudfunctions.googleapis.com x-goog-quota-user=projects/divine-beanbag-389115
[debug] [2023-06-19T04:19:09.973Z] >>> [apiv2][query] GET https://serviceusage.googleapis.com/v1/projects/divine-beanbag-389115/services/runtimeconfig.googleapis.com [none]
[debug] [2023-06-19T04:19:09.974Z] >>> [apiv2][(partial)header] GET https://serviceusage.googleapis.com/v1/projects/divine-beanbag-389115/services/runtimeconfig.googleapis.com x-goog-quota-user=projects/divine-beanbag-389115
[debug] [2023-06-19T04:19:10.455Z] <<< [apiv2][status] GET https://serviceusage.googleapis.com/v1/projects/divine-beanbag-389115/services/runtimeconfig.googleapis.com 200
[debug] [2023-06-19T04:19:10.455Z] <<< [apiv2][body] GET https://serviceusage.googleapis.com/v1/projects/divine-beanbag-389115/services/runtimeconfig.googleapis.com [omitted]
[debug] [2023-06-19T04:19:10.457Z] <<< [apiv2][status] GET https://serviceusage.googleapis.com/v1/projects/divine-beanbag-389115/services/cloudfunctions.googleapis.com 200
[debug] [2023-06-19T04:19:10.457Z] <<< [apiv2][body] GET https://serviceusage.googleapis.com/v1/projects/divine-beanbag-389115/services/cloudfunctions.googleapis.com [omitted]
[debug] [2023-06-19T04:19:10.458Z] >>> [apiv2][query] POST https://serviceusage.googleapis.com/v1/projects/divine-beanbag-389115/services/cloudfunctions.googleapis.com:enable [none]
[debug] [2023-06-19T04:19:10.458Z] >>> [apiv2][(partial)header] POST https://serviceusage.googleapis.com/v1/projects/divine-beanbag-389115/services/cloudfunctions.googleapis.com:enable x-goog-quota-user=projects/divine-beanbag-389115
[debug] [2023-06-19T04:19:11.971Z] <<< [apiv2][status] POST https://serviceusage.googleapis.com/v1/projects/divine-beanbag-389115/services/cloudfunctions.googleapis.com:enable 200
[debug] [2023-06-19T04:19:11.971Z] <<< [apiv2][body] POST https://serviceusage.googleapis.com/v1/projects/divine-beanbag-389115/services/cloudfunctions.googleapis.com:enable [omitted]
